<?xml version="1.0" encoding="UTF-8"?>
<!-- Generated by org.testng.reporters.JUnitReportReporter -->
<testsuite hostname="DESKTOP-GKIV8SQ" failures="0" tests="2" name="testcases.VerifyAddcustomer" time="25.859" errors="0" timestamp="2023-12-10T15:37:02 IST" skipped="0">
  <testcase classname="testcases.VerifyAddcustomer" name="addcustomer" time="12.078"/>
  <system-out/>
  <testcase classname="testcases.VerifyAddcustomer" name="addcustomer" time="13.781"/>
  <system-out/>
</testsuite> <!-- testcases.VerifyAddcustomer -->
