<?xml version="1.0" encoding="UTF-8"?>
<!-- Generated by org.testng.reporters.JUnitReportReporter -->
<testsuite hostname="DESKTOP-GKIV8SQ" failures="0" tests="1" name="base.base" time="6.927" errors="0" timestamp="2023-12-02T13:53:54 IST" skipped="0">
  <testcase classname="base.base" name="addcustomer" time="6.927"/>
  <system-out/>
</testsuite> <!-- base.base -->
